  ~o <VecSize> 78 <USER> <MSDINFO> 4 0 1 1 1 <StreamInfo> 4 75 1 1 1
<BeginHMM>
  <NumStates> 7
  <State> 2 
  <Stream> 1
    <Mean> 75
      0.0 0.0 0.0 0.0 0.0 0.0 0.0 0.0 0.0 0.0
      0.0 0.0 0.0 0.0 0.0 0.0 0.0 0.0 0.0 0.0
      0.0 0.0 0.0 0.0 0.0
      0.0 0.0 0.0 0.0 0.0 0.0 0.0 0.0 0.0 0.0
      0.0 0.0 0.0 0.0 0.0 0.0 0.0 0.0 0.0 0.0
      0.0 0.0 0.0 0.0 0.0
      0.0 0.0 0.0 0.0 0.0 0.0 0.0 0.0 0.0 0.0
      0.0 0.0 0.0 0.0 0.0 0.0 0.0 0.0 0.0 0.0
      0.0 0.0 0.0 0.0 0.0
    <Variance> 75
      1.0 1.0 1.0 1.0 1.0 1.0 1.0 1.0 1.0 1.0
      1.0 1.0 1.0 1.0 1.0 1.0 1.0 1.0 1.0 1.0
      1.0 1.0 1.0 1.0 1.0
      1.0 1.0 1.0 1.0 1.0 1.0 1.0 1.0 1.0 1.0
      1.0 1.0 1.0 1.0 1.0 1.0 1.0 1.0 1.0 1.0
      1.0 1.0 1.0 1.0 1.0
      1.0 1.0 1.0 1.0 1.0 1.0 1.0 1.0 1.0 1.0
      1.0 1.0 1.0 1.0 1.0 1.0 1.0 1.0 1.0 1.0
      1.0 1.0 1.0 1.0 1.0
  <Stream> 2
  <NumMixes> 2
  <Mixture> 1 0.5000
    <Mean> 1
      0.0
    <Variance> 1
      1.0
  <Mixture> 2 0.5000
    <Mean> 0
    <Variance> 0
  <Stream> 3
  <NumMixes> 2
  <Mixture> 1 0.5000
    <Mean> 1
      0.0
    <Variance> 1
      1.0
  <Mixture> 2 0.5000
    <Mean> 0
    <Variance> 0
  <Stream> 4
  <NumMixes> 2
  <Mixture> 1 0.5000
    <Mean> 1
      0.0
    <Variance> 1
      1.0
  <Mixture> 2 0.5000
    <Mean> 0
    <Variance> 0
  <State> 3 
  <Stream> 1
    <Mean> 75
      0.0 0.0 0.0 0.0 0.0 0.0 0.0 0.0 0.0 0.0
      0.0 0.0 0.0 0.0 0.0 0.0 0.0 0.0 0.0 0.0
      0.0 0.0 0.0 0.0 0.0
      0.0 0.0 0.0 0.0 0.0 0.0 0.0 0.0 0.0 0.0
      0.0 0.0 0.0 0.0 0.0 0.0 0.0 0.0 0.0 0.0
      0.0 0.0 0.0 0.0 0.0
      0.0 0.0 0.0 0.0 0.0 0.0 0.0 0.0 0.0 0.0
      0.0 0.0 0.0 0.0 0.0 0.0 0.0 0.0 0.0 0.0
      0.0 0.0 0.0 0.0 0.0
    <Variance> 75
      1.0 1.0 1.0 1.0 1.0 1.0 1.0 1.0 1.0 1.0
      1.0 1.0 1.0 1.0 1.0 1.0 1.0 1.0 1.0 1.0
      1.0 1.0 1.0 1.0 1.0
      1.0 1.0 1.0 1.0 1.0 1.0 1.0 1.0 1.0 1.0
      1.0 1.0 1.0 1.0 1.0 1.0 1.0 1.0 1.0 1.0
      1.0 1.0 1.0 1.0 1.0
      1.0 1.0 1.0 1.0 1.0 1.0 1.0 1.0 1.0 1.0
      1.0 1.0 1.0 1.0 1.0 1.0 1.0 1.0 1.0 1.0
      1.0 1.0 1.0 1.0 1.0
  <Stream> 2
  <NumMixes> 2
  <Mixture> 1 0.5000
    <Mean> 1
      0.0
    <Variance> 1
      1.0
  <Mixture> 2 0.5000
    <Mean> 0
    <Variance> 0
  <Stream> 3
  <NumMixes> 2
  <Mixture> 1 0.5000
    <Mean> 1
      0.0
    <Variance> 1
      1.0
  <Mixture> 2 0.5000
    <Mean> 0
    <Variance> 0
  <Stream> 4
  <NumMixes> 2
  <Mixture> 1 0.5000
    <Mean> 1
      0.0
    <Variance> 1
      1.0
  <Mixture> 2 0.5000
    <Mean> 0
    <Variance> 0
  <State> 4 
  <Stream> 1
    <Mean> 75
      0.0 0.0 0.0 0.0 0.0 0.0 0.0 0.0 0.0 0.0
      0.0 0.0 0.0 0.0 0.0 0.0 0.0 0.0 0.0 0.0
      0.0 0.0 0.0 0.0 0.0
      0.0 0.0 0.0 0.0 0.0 0.0 0.0 0.0 0.0 0.0
      0.0 0.0 0.0 0.0 0.0 0.0 0.0 0.0 0.0 0.0
      0.0 0.0 0.0 0.0 0.0
      0.0 0.0 0.0 0.0 0.0 0.0 0.0 0.0 0.0 0.0
      0.0 0.0 0.0 0.0 0.0 0.0 0.0 0.0 0.0 0.0
      0.0 0.0 0.0 0.0 0.0
    <Variance> 75
      1.0 1.0 1.0 1.0 1.0 1.0 1.0 1.0 1.0 1.0
      1.0 1.0 1.0 1.0 1.0 1.0 1.0 1.0 1.0 1.0
      1.0 1.0 1.0 1.0 1.0
      1.0 1.0 1.0 1.0 1.0 1.0 1.0 1.0 1.0 1.0
      1.0 1.0 1.0 1.0 1.0 1.0 1.0 1.0 1.0 1.0
      1.0 1.0 1.0 1.0 1.0
      1.0 1.0 1.0 1.0 1.0 1.0 1.0 1.0 1.0 1.0
      1.0 1.0 1.0 1.0 1.0 1.0 1.0 1.0 1.0 1.0
      1.0 1.0 1.0 1.0 1.0
  <Stream> 2
  <NumMixes> 2
  <Mixture> 1 0.5000
    <Mean> 1
      0.0
    <Variance> 1
      1.0
  <Mixture> 2 0.5000
    <Mean> 0
    <Variance> 0
  <Stream> 3
  <NumMixes> 2
  <Mixture> 1 0.5000
    <Mean> 1
      0.0
    <Variance> 1
      1.0
  <Mixture> 2 0.5000
    <Mean> 0
    <Variance> 0
  <Stream> 4
  <NumMixes> 2
  <Mixture> 1 0.5000
    <Mean> 1
      0.0
    <Variance> 1
      1.0
  <Mixture> 2 0.5000
    <Mean> 0
    <Variance> 0
  <State> 5 
  <Stream> 1
    <Mean> 75
      0.0 0.0 0.0 0.0 0.0 0.0 0.0 0.0 0.0 0.0
      0.0 0.0 0.0 0.0 0.0 0.0 0.0 0.0 0.0 0.0
      0.0 0.0 0.0 0.0 0.0
      0.0 0.0 0.0 0.0 0.0 0.0 0.0 0.0 0.0 0.0
      0.0 0.0 0.0 0.0 0.0 0.0 0.0 0.0 0.0 0.0
      0.0 0.0 0.0 0.0 0.0
      0.0 0.0 0.0 0.0 0.0 0.0 0.0 0.0 0.0 0.0
      0.0 0.0 0.0 0.0 0.0 0.0 0.0 0.0 0.0 0.0
      0.0 0.0 0.0 0.0 0.0
    <Variance> 75
      1.0 1.0 1.0 1.0 1.0 1.0 1.0 1.0 1.0 1.0
      1.0 1.0 1.0 1.0 1.0 1.0 1.0 1.0 1.0 1.0
      1.0 1.0 1.0 1.0 1.0
      1.0 1.0 1.0 1.0 1.0 1.0 1.0 1.0 1.0 1.0
      1.0 1.0 1.0 1.0 1.0 1.0 1.0 1.0 1.0 1.0
      1.0 1.0 1.0 1.0 1.0
      1.0 1.0 1.0 1.0 1.0 1.0 1.0 1.0 1.0 1.0
      1.0 1.0 1.0 1.0 1.0 1.0 1.0 1.0 1.0 1.0
      1.0 1.0 1.0 1.0 1.0
  <Stream> 2
  <NumMixes> 2
  <Mixture> 1 0.5000
    <Mean> 1
      0.0
    <Variance> 1
      1.0
  <Mixture> 2 0.5000
    <Mean> 0
    <Variance> 0
  <Stream> 3
  <NumMixes> 2
  <Mixture> 1 0.5000
    <Mean> 1
      0.0
    <Variance> 1
      1.0
  <Mixture> 2 0.5000
    <Mean> 0
    <Variance> 0
  <Stream> 4
  <NumMixes> 2
  <Mixture> 1 0.5000
    <Mean> 1
      0.0
    <Variance> 1
      1.0
  <Mixture> 2 0.5000
    <Mean> 0
    <Variance> 0
  <State> 6 
  <Stream> 1
    <Mean> 75
      0.0 0.0 0.0 0.0 0.0 0.0 0.0 0.0 0.0 0.0
      0.0 0.0 0.0 0.0 0.0 0.0 0.0 0.0 0.0 0.0
      0.0 0.0 0.0 0.0 0.0
      0.0 0.0 0.0 0.0 0.0 0.0 0.0 0.0 0.0 0.0
      0.0 0.0 0.0 0.0 0.0 0.0 0.0 0.0 0.0 0.0
      0.0 0.0 0.0 0.0 0.0
      0.0 0.0 0.0 0.0 0.0 0.0 0.0 0.0 0.0 0.0
      0.0 0.0 0.0 0.0 0.0 0.0 0.0 0.0 0.0 0.0
      0.0 0.0 0.0 0.0 0.0
    <Variance> 75
      1.0 1.0 1.0 1.0 1.0 1.0 1.0 1.0 1.0 1.0
      1.0 1.0 1.0 1.0 1.0 1.0 1.0 1.0 1.0 1.0
      1.0 1.0 1.0 1.0 1.0
      1.0 1.0 1.0 1.0 1.0 1.0 1.0 1.0 1.0 1.0
      1.0 1.0 1.0 1.0 1.0 1.0 1.0 1.0 1.0 1.0
      1.0 1.0 1.0 1.0 1.0
      1.0 1.0 1.0 1.0 1.0 1.0 1.0 1.0 1.0 1.0
      1.0 1.0 1.0 1.0 1.0 1.0 1.0 1.0 1.0 1.0
      1.0 1.0 1.0 1.0 1.0
  <Stream> 2
  <NumMixes> 2
  <Mixture> 1 0.5000
    <Mean> 1
      0.0
    <Variance> 1
      1.0
  <Mixture> 2 0.5000
    <Mean> 0
    <Variance> 0
  <Stream> 3
  <NumMixes> 2
  <Mixture> 1 0.5000
    <Mean> 1
      0.0
    <Variance> 1
      1.0
  <Mixture> 2 0.5000
    <Mean> 0
    <Variance> 0
  <Stream> 4
  <NumMixes> 2
  <Mixture> 1 0.5000
    <Mean> 1
      0.0
    <Variance> 1
      1.0
  <Mixture> 2 0.5000
    <Mean> 0
    <Variance> 0
  <TransP> 7
   0.000e+0   1.000e+0   0.000e+0   0.000e+0   0.000e+0   0.000e+0   0.000e+0
   0.000e+0   6.000e-1   4.000e-1   0.000e+0   0.000e+0   0.000e+0   0.000e+0
   0.000e+0   0.000e+0   6.000e-1   4.000e-1   0.000e+0   0.000e+0   0.000e+0
   0.000e+0   0.000e+0   0.000e+0   6.000e-1   4.000e-1   0.000e+0   0.000e+0
   0.000e+0   0.000e+0   0.000e+0   0.000e+0   6.000e-1   4.000e-1   0.000e+0
   0.000e+0   0.000e+0   0.000e+0   0.000e+0   0.000e+0   6.000e-1   4.000e-1
   0.000e+0   0.000e+0   0.000e+0   0.000e+0   0.000e+0   0.000e+0   0.000e+0
<EndHMM>
